[0.010s] Invoking command in '/home/randy/ROS/bm661_ros2/build/bm661_ros2': CMAKE_PREFIX_PATH=${CMAKE_PREFIX_PATH}:/opt/ros/humble /usr/bin/cmake --build /home/randy/ROS/bm661_ros2/build/bm661_ros2 -- -j16 -l16
[0.037s] [35m[1mConsolidate compiler generated dependencies of target bm661[0m
[0.047s] [ 50%] [32mBuilding CXX object CMakeFiles/bm661.dir/src/bm661.cpp.o[0m
[1.645s] [01m[K/home/randy/ROS/bm661_ros2/src/bm661.cpp:[m[K In function â€˜[01m[Kint main(int, char**)[m[Kâ€™:
[1.645s] [01m[K/home/randy/ROS/bm661_ros2/src/bm661.cpp:195:37:[m[K [01;31m[Kerror: [m[Kno match for â€˜[01m[Koperator![m[Kâ€™ (operand type is â€˜[01m[Kstd::string[m[Kâ€™ {aka â€˜[01m[Kstd::__cxx11::basic_string<char>[m[Kâ€™})
[1.645s]   195 |                                 if ([01;31m[K!inverted[m[K)
[1.645s]       |                                     [01;31m[K^~~~~~~~~[m[K
[1.645s] [01m[K/home/randy/ROS/bm661_ros2/src/bm661.cpp:195:37:[m[K [01;36m[Knote: [m[Kcandidate: â€˜[01m[Koperator!(bool)[m[Kâ€™ (built-in)
[1.645s] [01m[K/home/randy/ROS/bm661_ros2/src/bm661.cpp:195:37:[m[K [01;36m[Knote: [m[K  no known conversion for argument 1 from â€˜[01m[Kstd::string[m[Kâ€™ {aka â€˜[01m[Kstd::__cxx11::basic_string<char>[m[Kâ€™} to â€˜[01m[Kbool[m[Kâ€™
[1.645s] In file included from [01m[K/opt/ros/humble/include/libstatistics_collector/libstatistics_collector/moving_average_statistics/moving_average.hpp:30[m[K,
[1.645s]                  from [01m[K/opt/ros/humble/include/libstatistics_collector/libstatistics_collector/collector/collector.hpp:22[m[K,
[1.645s]                  from [01m[K/opt/ros/humble/include/libstatistics_collector/libstatistics_collector/topic_statistics_collector/topic_statistics_collector.hpp:24[m[K,
[1.645s]                  from [01m[K/opt/ros/humble/include/libstatistics_collector/libstatistics_collector/topic_statistics_collector/received_message_age.hpp:26[m[K,
[1.645s]                  from [01m[K/opt/ros/humble/include/rclcpp/rclcpp/topic_statistics/subscription_topic_statistics.hpp:26[m[K,
[1.645s]                  from [01m[K/opt/ros/humble/include/rclcpp/rclcpp/subscription.hpp:50[m[K,
[1.645s]                  from [01m[K/opt/ros/humble/include/rclcpp/rclcpp/any_executable.hpp:25[m[K,
[1.645s]                  from [01m[K/opt/ros/humble/include/rclcpp/rclcpp/memory_strategy.hpp:25[m[K,
[1.646s]                  from [01m[K/opt/ros/humble/include/rclcpp/rclcpp/memory_strategies.hpp:18[m[K,
[1.646s]                  from [01m[K/opt/ros/humble/include/rclcpp/rclcpp/executor_options.hpp:20[m[K,
[1.646s]                  from [01m[K/opt/ros/humble/include/rclcpp/rclcpp/executor.hpp:37[m[K,
[1.646s]                  from [01m[K/opt/ros/humble/include/rclcpp/rclcpp/executors/multi_threaded_executor.hpp:25[m[K,
[1.646s]                  from [01m[K/opt/ros/humble/include/rclcpp/rclcpp/executors.hpp:21[m[K,
[1.646s]                  from [01m[K/opt/ros/humble/include/rclcpp/rclcpp/rclcpp.hpp:155[m[K,
[1.646s]                  from [01m[K/home/randy/ROS/bm661_ros2/src/bm661.cpp:1[m[K:
[1.646s] [01m[K/opt/ros/humble/include/rcpputils/rcpputils/thread_safety_annotations.hpp:55:27:[m[K [01;36m[Knote: [m[Kcandidate: â€˜[01m[Kconst std::mutex& operator!(const std::mutex&)[m[Kâ€™
[1.646s]    55 | inline const std::mutex & [01;36m[Koperator[m[K!(const std::mutex & a)
[1.646s]       |                           [01;36m[K^~~~~~~~[m[K
[1.646s] [01m[K/opt/ros/humble/include/rcpputils/rcpputils/thread_safety_annotations.hpp:55:56:[m[K [01;36m[Knote: [m[K  no known conversion for argument 1 from â€˜[01m[Kstd::string[m[Kâ€™ {aka â€˜[01m[Kstd::__cxx11::basic_string<char>[m[Kâ€™} to â€˜[01m[Kconst std::mutex&[m[Kâ€™
[1.646s]    55 | inline const std::mutex & operator!([01;36m[Kconst std::mutex & a[m[K)
[1.646s]       |                                     [01;36m[K~~~~~~~~~~~~~~~~~~~^[m[K
[1.646s] [01m[K/home/randy/ROS/bm661_ros2/src/bm661.cpp:63:19:[m[K [01;35m[Kwarning: [m[Kunused variable â€˜[01m[Kpublish_t[m[Kâ€™ [[01;35m[K]8;;https://gcc.gnu.org/onlinedocs/gcc/Warning-Options.html#index-Wunused-variable-Wunused-variable]8;;[m[K]
[1.646s]    63 |         pthread_t [01;35m[Kpublish_t[m[K, recv_t;
[1.646s]       |                   [01;35m[K^~~~~~~~~[m[K
[1.646s] [01m[K/home/randy/ROS/bm661_ros2/src/bm661.cpp:63:30:[m[K [01;35m[Kwarning: [m[Kunused variable â€˜[01m[Krecv_t[m[Kâ€™ [[01;35m[K]8;;https://gcc.gnu.org/onlinedocs/gcc/Warning-Options.html#index-Wunused-variable-Wunused-variable]8;;[m[K]
[1.646s]    63 |         pthread_t publish_t, [01;35m[Krecv_t[m[K;
[1.646s]       |                              [01;35m[K^~~~~~[m[K
[2.214s] gmake[2]: *** [CMakeFiles/bm661.dir/build.make:76ï¼šCMakeFiles/bm661.dir/src/bm661.cpp.o] é”™è¯¯ 1
[2.214s] gmake[1]: *** [CMakeFiles/Makefile2:137ï¼šCMakeFiles/bm661.dir/all] é”™è¯¯ 2
[2.215s] gmake: *** [Makefile:146ï¼šall] é”™è¯¯ 2
[2.216s] Invoked command in '/home/randy/ROS/bm661_ros2/build/bm661_ros2' returned '2': CMAKE_PREFIX_PATH=${CMAKE_PREFIX_PATH}:/opt/ros/humble /usr/bin/cmake --build /home/randy/ROS/bm661_ros2/build/bm661_ros2 -- -j16 -l16
